Arguments: 
  /usr/local/Cellar/node/7.9.0/bin/node /usr/local/bin/yarn

PATH: 
  /Users/christopherhoudlette/.rvm/gems/ruby-2.4.0/bin:/Users/christopherhoudlette/.rvm/gems/ruby-2.4.0@global/bin:/Users/christopherhoudlette/.rvm/rubies/ruby-2.4.0/bin:/usr/local/bin:/usr/bin:/bin:/usr/sbin:/sbin:/usr/local/go/bin:/Users/christopherhoudlette/.rvm/bin

Yarn version: 
  1.3.2

Node version: 
  7.9.0

Platform: 
  darwin x64

npm manifest: 
  {
      "name": "advanced-react",
      "version": "1.0.0",
      "description": "Advanced React",
      "main": "lib/server.js",
      "author": "Christopher Houdlette",
      "license": "MIT",
      "scripts": {
        "dev": "pm2 start lib/server.js --watch --interpreter babel-node"
      },
      "babel": {
        "presets": [
          "react",
          "env",
          "stage-2"
        ],
      "devDependencies": {
        "babel-eslint": "^7.2.3",
        "eslint": "^4.1.0",
      },
      "dependencies": {
        "babel-cli": "^6.24.1",
        "babel-preset-env": "^1.5.2",
        "babel-preset-react": "^6.24.1",
        "babel-preset-stage-2": "^6.24.1",
        "ejs": "^2.5.6",
        "express": "^4.15.3",
        "pm2": "^2.5.0"
      }
    }

yarn manifest: 
  No manifest

Lockfile: 
  No lockfile

Trace: 
  SyntaxError: /Users/christopherhoudlette/Choozle/randomstuff/advanced-react/package.json: Unexpected token } in JSON at position 459
      at JSON.parse (<anonymous>)
      at /usr/local/lib/node_modules/yarn/lib/cli.js:770:59
      at Generator.next (<anonymous>)
      at step (/usr/local/lib/node_modules/yarn/lib/cli.js:92:30)
      at /usr/local/lib/node_modules/yarn/lib/cli.js:103:13
